2021-12-06T12:38:49.040Z - info:   [18468] *** FOLDER: c:\workspace\Forms\formsProject ***
2021-12-06T12:38:49.041Z - info:   [18468] AzureReposVSCode/1.2007.15 (VSCode 1.62.3; Windows_NT 10.0.17763; Node 14.16.0)
2021-12-06T12:38:49.041Z - debug:  [18468] Looking for an External Context at c:\workspace\Forms\formsProject
2021-12-06T12:38:49.041Z - debug:  [18468] No External Context at c:\workspace\Forms\formsProject
2021-12-06T12:38:49.042Z - debug:  [18468] Looking for TFVC repository at c:\workspace\Forms\formsProject
2021-12-06T12:38:49.042Z - debug:  [18468] TFVC Creating Tfvc object with localPath='undefined'
2021-12-06T12:38:49.042Z - debug:  [18468] Using TFS proxy: 
2021-12-06T12:38:49.042Z - debug:  [18468] TFVC Retrieved from settings; localPath='C:/Program Files (x86)/Microsoft Visual Studio/2019/Enterprise/Common7/IDE/CommonExtensions/Microsoft/TeamFoundation/Team Explorer/TFSBuild.exe'
2021-12-06T12:38:49.043Z - warn:   [18468] TFVC C:/Program Files (x86)/Microsoft Visual Studio/2019/Enterprise/Common7/IDE/CommonExtensions/Microsoft/TeamFoundation/Team Explorer/TFSBuild.exe does not exist.
2021-12-06T12:38:49.043Z - error:  [18468] Unable to find the TF executable. Please ensure TF is installed and the path specified contains the filename.
2021-12-07T12:01:39.677Z - info:   [17136] *** FOLDER: c:\workspace\Forms\formsProject ***
2021-12-07T12:01:39.678Z - info:   [17136] AzureReposVSCode/1.2007.15 (VSCode 1.62.3; Windows_NT 10.0.17763; Node 14.16.0)
2021-12-07T12:01:39.678Z - debug:  [17136] Looking for an External Context at c:\workspace\Forms\formsProject
2021-12-07T12:01:39.678Z - debug:  [17136] No External Context at c:\workspace\Forms\formsProject
2021-12-07T12:01:39.679Z - debug:  [17136] Looking for TFVC repository at c:\workspace\Forms\formsProject
2021-12-07T12:01:39.679Z - debug:  [17136] TFVC Creating Tfvc object with localPath='undefined'
2021-12-07T12:01:39.679Z - debug:  [17136] Using TFS proxy: 
2021-12-07T12:01:39.680Z - debug:  [17136] TFVC Retrieved from settings; localPath='C:/Program Files (x86)/Microsoft Visual Studio/2019/Enterprise/Common7/IDE/CommonExtensions/Microsoft/TeamFoundation/Team Explorer/TFSBuild.exe'
2021-12-07T12:01:39.680Z - warn:   [17136] TFVC C:/Program Files (x86)/Microsoft Visual Studio/2019/Enterprise/Common7/IDE/CommonExtensions/Microsoft/TeamFoundation/Team Explorer/TFSBuild.exe does not exist.
2021-12-07T12:01:39.680Z - error:  [17136] Unable to find the TF executable. Please ensure TF is installed and the path specified contains the filename.
2021-12-07T12:01:41.053Z - debug:  [17136] Reinitializing due to onDidChangeConfiguration
2021-12-09T07:19:11.021Z - info:   [13852] *** FOLDER: c:\workspace\Forms\formsProject ***
2021-12-09T07:19:11.021Z - info:   [13852] AzureReposVSCode/1.2007.15 (VSCode 1.62.3; Windows_NT 10.0.17763; Node 14.16.0)
2021-12-09T07:19:11.021Z - debug:  [13852] Looking for an External Context at c:\workspace\Forms\formsProject
2021-12-09T07:19:11.021Z - debug:  [13852] No External Context at c:\workspace\Forms\formsProject
2021-12-09T07:19:11.022Z - debug:  [13852] Looking for TFVC repository at c:\workspace\Forms\formsProject
2021-12-09T07:19:11.023Z - debug:  [13852] TFVC Creating Tfvc object with localPath='undefined'
2021-12-09T07:19:11.023Z - debug:  [13852] Using TFS proxy: 
2021-12-09T07:19:11.023Z - debug:  [13852] TFVC Retrieved from settings; localPath='C:/Program Files (x86)/Microsoft Visual Studio/2019/Enterprise/Common7/IDE/CommonExtensions/Microsoft/TeamFoundation/Team Explorer/TFSBuild.exe'
2021-12-09T07:19:11.023Z - warn:   [13852] TFVC C:/Program Files (x86)/Microsoft Visual Studio/2019/Enterprise/Common7/IDE/CommonExtensions/Microsoft/TeamFoundation/Team Explorer/TFSBuild.exe does not exist.
2021-12-09T07:19:11.023Z - error:  [13852] Unable to find the TF executable. Please ensure TF is installed and the path specified contains the filename.
2021-12-09T15:50:02.324Z - info:   [30176] *** FOLDER: c:\workspace\Forms\formsProject ***
2021-12-09T15:50:02.325Z - info:   [30176] AzureReposVSCode/1.2007.15 (VSCode 1.63.0; Windows_NT 10.0.17763; Node 14.16.0)
2021-12-09T15:50:02.325Z - debug:  [30176] Looking for an External Context at c:\workspace\Forms\formsProject
2021-12-09T15:50:02.325Z - debug:  [30176] No External Context at c:\workspace\Forms\formsProject
2021-12-09T15:50:02.326Z - debug:  [30176] Looking for TFVC repository at c:\workspace\Forms\formsProject
2021-12-09T15:50:02.327Z - debug:  [30176] TFVC Creating Tfvc object with localPath='undefined'
2021-12-09T15:50:02.327Z - debug:  [30176] Using TFS proxy: 
2021-12-09T15:50:02.327Z - debug:  [30176] TFVC Retrieved from settings; localPath='C:/Program Files (x86)/Microsoft Visual Studio/2019/Enterprise/Common7/IDE/CommonExtensions/Microsoft/TeamFoundation/Team Explorer/TFSBuild.exe'
2021-12-09T15:50:02.327Z - warn:   [30176] TFVC C:/Program Files (x86)/Microsoft Visual Studio/2019/Enterprise/Common7/IDE/CommonExtensions/Microsoft/TeamFoundation/Team Explorer/TFSBuild.exe does not exist.
2021-12-09T15:50:02.327Z - error:  [30176] Unable to find the TF executable. Please ensure TF is installed and the path specified contains the filename.
2021-12-10T07:43:52.999Z - info:   [15840] *** FOLDER: c:\workspace\Forms\formsProject ***
2021-12-10T07:43:53.000Z - info:   [15840] AzureReposVSCode/1.2007.15 (VSCode 1.63.0; Windows_NT 10.0.17763; Node 14.16.0)
2021-12-10T07:43:53.000Z - debug:  [15840] Looking for an External Context at c:\workspace\Forms\formsProject
2021-12-10T07:43:53.000Z - debug:  [15840] No External Context at c:\workspace\Forms\formsProject
2021-12-10T07:43:53.001Z - debug:  [15840] Looking for TFVC repository at c:\workspace\Forms\formsProject
2021-12-10T07:43:53.001Z - debug:  [15840] TFVC Creating Tfvc object with localPath='undefined'
2021-12-10T07:43:53.001Z - debug:  [15840] Using TFS proxy: 
2021-12-10T07:43:53.001Z - debug:  [15840] TFVC Retrieved from settings; localPath='C:/Program Files (x86)/Microsoft Visual Studio/2019/Enterprise/Common7/IDE/CommonExtensions/Microsoft/TeamFoundation/Team Explorer/TFSBuild.exe'
2021-12-10T07:43:53.001Z - warn:   [15840] TFVC C:/Program Files (x86)/Microsoft Visual Studio/2019/Enterprise/Common7/IDE/CommonExtensions/Microsoft/TeamFoundation/Team Explorer/TFSBuild.exe does not exist.
2021-12-10T07:43:53.002Z - error:  [15840] Unable to find the TF executable. Please ensure TF is installed and the path specified contains the filename.
